<?xml version="1.0" encoding="UTF-8"?>
<!-- Generated by org.testng.reporters.JUnitReportReporter -->
<testsuite skipped="0" hostname="DESKTOP-QHBCNHS" name="com.mycomapny.testModule.MlCalLoanTest" tests="1" failures="0" timestamp="18 Feb 2018 09:46:36 GMT" time="13.423" errors="0">
  <testcase name="testMortgage" time="13.423" classname="com.mycomapny.testModule.MlCalLoanTest"/>
</testsuite> <!-- com.mycomapny.testModule.MlCalLoanTest -->
