<?xml version="1.0" encoding="UTF-8"?>
<!-- Generated by org.testng.reporters.JUnitReportReporter -->
<testsuite skipped="0" hostname="DESKTOP-QHBCNHS" name="com.mycomapny.testModule.MlCalLoanTest" tests="1" failures="0" timestamp="20 Feb 2018 07:29:28 GMT" time="12.356" errors="0">
  <testcase name="testMortgage" time="12.356" classname="com.mycomapny.testModule.MlCalLoanTest"/>
</testsuite> <!-- com.mycomapny.testModule.MlCalLoanTest -->
