<?xml version="1.0" encoding="UTF-8"?>
<!-- Generated by org.testng.reporters.JUnitReportReporter -->
<testsuite hostname="DESKTOP-QHBCNHS" failures="0" tests="1" name="com.mycomapny.rough.Yahoo1Test" time="0.013" errors="0" timestamp="16 Feb 2018 05:10:40 GMT">
  <testcase classname="com.mycomapny.rough.Yahoo1Test" name="letstest" time="0.013"/>
</testsuite> <!-- com.mycomapny.rough.Yahoo1Test -->
